[ERROR] [2026-01-01T17:27:10.015Z]: [CRON_ERROR] Failed to update tournament statuses: pool.execute is not a function
[ERROR] [2026-01-01T17:27:10.035Z]: [Cron Error] Failed to process match queue: {}
[ERROR] [2026-01-01T17:27:15.093Z]: [AUTH MIDDLEWARE] Error: {}
[ERROR] [2026-01-01T17:27:16.209Z]: [AUTH MIDDLEWARE] Error: {}
[ERROR] [2026-01-01T17:27:18.300Z]: [AUTH MIDDLEWARE] Error: {}
[ERROR] [2026-01-01T17:27:20.020Z]: [CRON_ERROR] Failed to update tournament statuses: pool.execute is not a function
[ERROR] [2026-01-01T17:27:20.023Z]: [Cron Error] Failed to process match queue: {}
[ERROR] [2026-01-01T17:27:22.415Z]: [AUTH MIDDLEWARE] Error: {}
[ERROR] [2026-01-01T17:27:30.012Z]: [CRON_ERROR] Failed to update tournament statuses: pool.execute is not a function
[ERROR] [2026-01-01T17:27:30.013Z]: [Cron Error] Failed to process match queue: {}
[ERROR] [2026-01-01T17:27:40.015Z]: [CRON_ERROR] Failed to update tournament statuses: pool.execute is not a function
[ERROR] [2026-01-01T17:27:40.018Z]: [Cron Error] Failed to process match queue: {}
[ERROR] [2026-01-01T17:27:50.014Z]: [CRON_ERROR] Failed to update tournament statuses: pool.execute is not a function
[ERROR] [2026-01-01T17:27:50.015Z]: [Cron Error] Failed to process match queue: {}
[ERROR] [2026-01-01T17:28:00.011Z]: [CRON_ERROR] Failed to update tournament statuses: pool.execute is not a function
[ERROR] [2026-01-01T17:28:00.012Z]: [Cron Error] Failed to process match queue: {}
[ERROR] [2026-01-01T17:28:10.011Z]: [CRON_ERROR] Failed to update tournament statuses: pool.execute is not a function
[ERROR] [2026-01-01T17:28:10.013Z]: [Cron Error] Failed to process match queue: {}
[ERROR] [2026-01-01T17:28:20.038Z]: [CRON_ERROR] Failed to update tournament statuses: pool.execute is not a function
[ERROR] [2026-01-01T17:28:20.043Z]: [Cron Error] Failed to process match queue: {}
[ERROR] [2026-01-01T17:28:30.018Z]: [CRON_ERROR] Failed to update tournament statuses: pool.execute is not a function
[ERROR] [2026-01-01T17:28:30.020Z]: [Cron Error] Failed to process match queue: {}
[ERROR] [2026-01-01T17:44:33.220Z]: [CRITICAL] Integrity Violation: Transaction ID 48
[ERROR] [2026-01-01T18:22:32.455Z]: [CONTENT ERROR] Failed to retrieve news list: {}
[ERROR] [2026-01-01T18:22:33.550Z]: [CONTENT ERROR] Failed to retrieve news list: {}
[ERROR] [2026-01-01T18:22:35.597Z]: [CONTENT ERROR] Failed to retrieve news list: {}
[ERROR] [2026-01-01T18:22:39.638Z]: [CONTENT ERROR] Failed to retrieve news list: {}
[ERROR] [2026-01-01T18:23:10.605Z]: [CONTENT ERROR] Failed to retrieve news list: {}
[ERROR] [2026-01-01T18:23:11.926Z]: [CONTENT ERROR] Failed to retrieve news list: {}
[ERROR] [2026-01-01T18:23:13.970Z]: [CONTENT ERROR] Failed to retrieve news list: {}
[ERROR] [2026-01-01T18:23:18.029Z]: [CONTENT ERROR] Failed to retrieve news list: {}
[ERROR] [2026-01-01T18:25:35.478Z]: [NOTIFICATIONS ERROR] getMyNotifs: {}
[ERROR] [2026-01-01T18:25:35.525Z]: [NOTIFICATIONS ERROR] getUnreadCount: {}
[ERROR] [2026-01-01T18:25:36.673Z]: [NOTIFICATIONS ERROR] getMyNotifs: {}
[ERROR] [2026-01-01T18:25:36.785Z]: [NOTIFICATIONS ERROR] getUnreadCount: {}
[ERROR] [2026-01-01T18:25:38.724Z]: [NOTIFICATIONS ERROR] getMyNotifs: {}
[ERROR] [2026-01-01T18:25:38.863Z]: [NOTIFICATIONS ERROR] getUnreadCount: {}
[ERROR] [2026-01-01T18:25:42.780Z]: [NOTIFICATIONS ERROR] getMyNotifs: {}
[ERROR] [2026-01-01T18:25:42.941Z]: [NOTIFICATIONS ERROR] getUnreadCount: {}
[ERROR] [2026-01-01T18:25:59.616Z]: [NOTIFICATIONS ERROR] getMyNotifs: {}
[ERROR] [2026-01-01T18:26:00.672Z]: [NOTIFICATIONS ERROR] getMyNotifs: {}
[ERROR] [2026-01-01T18:26:02.733Z]: [NOTIFICATIONS ERROR] getMyNotifs: {}
[ERROR] [2026-01-01T18:26:06.771Z]: [NOTIFICATIONS ERROR] getMyNotifs: {}
[ERROR] [2026-01-01T18:26:36.984Z]: [NOTIFICATIONS ERROR] getMyNotifs: {}
[ERROR] [2026-01-01T18:26:36.991Z]: [NOTIFICATIONS ERROR] getUnreadCount: {}
[ERROR] [2026-01-01T18:26:38.180Z]: [NOTIFICATIONS ERROR] getUnreadCount: {}
[ERROR] [2026-01-01T18:26:38.184Z]: [NOTIFICATIONS ERROR] getMyNotifs: {}
[ERROR] [2026-01-01T18:26:40.254Z]: [NOTIFICATIONS ERROR] getUnreadCount: {}
[ERROR] [2026-01-01T18:26:40.276Z]: [NOTIFICATIONS ERROR] getMyNotifs: {}
[ERROR] [2026-01-01T18:26:44.325Z]: [NOTIFICATIONS ERROR] getUnreadCount: {}
[ERROR] [2026-01-01T18:26:44.365Z]: [NOTIFICATIONS ERROR] getMyNotifs: {}
[ERROR] [2026-01-01T18:28:03.633Z]: [NOTIFICATIONS ERROR] getUnreadCount: {}
[ERROR] [2026-01-01T18:28:04.846Z]: [NOTIFICATIONS ERROR] getUnreadCount: {}
[ERROR] [2026-01-01T18:28:06.901Z]: [NOTIFICATIONS ERROR] getUnreadCount: {}
[ERROR] [2026-01-01T18:28:10.948Z]: [NOTIFICATIONS ERROR] getUnreadCount: {}
[ERROR] [2026-01-01T18:30:22.891Z]: [NOTIFICATIONS ERROR] getUnreadCount: {}
[ERROR] [2026-01-01T18:30:24.064Z]: [NOTIFICATIONS ERROR] getUnreadCount: {}
[ERROR] [2026-01-01T18:30:26.126Z]: [NOTIFICATIONS ERROR] getUnreadCount: {}
[ERROR] [2026-01-01T18:30:30.174Z]: [NOTIFICATIONS ERROR] getUnreadCount: {}
[ERROR] [2026-01-01T18:32:24.041Z]: [TOURNAMENT ERROR] getOpenTournaments: {}
[ERROR] [2026-01-01T18:32:25.109Z]: [TOURNAMENT ERROR] getOpenTournaments: {}
[ERROR] [2026-01-01T18:32:27.170Z]: [TOURNAMENT ERROR] getOpenTournaments: {}
[ERROR] [2026-01-01T18:32:31.235Z]: [TOURNAMENT ERROR] getOpenTournaments: {}
[ERROR] [2026-01-01T18:37:25.503Z]: [TOURNAMENT ERROR] getOpenTournaments: {}
[ERROR] [2026-01-01T18:37:26.699Z]: [TOURNAMENT ERROR] getOpenTournaments: {}
[ERROR] [2026-01-01T18:37:28.752Z]: [TOURNAMENT ERROR] getOpenTournaments: {}
[ERROR] [2026-01-01T18:37:32.810Z]: [TOURNAMENT ERROR] getOpenTournaments: {}
[ERROR] [2026-01-01T19:09:54.001Z]: [Get Bank Account Error]: {"userId":124,"error":"accounts?.some is not a function","stack":"TypeError: accounts?.some is not a function\n    at getBankAccount (/var/www/html/app/percasi-app/backend-node/src/controllers/financeController.js:650:50)\n    at process.processTicksAndRejections (node:internal/process/task_queues:95:5)"}
[ERROR] [2026-01-01T19:09:55.059Z]: [Get Bank Account Error]: {"userId":124,"error":"accounts?.some is not a function","stack":"TypeError: accounts?.some is not a function\n    at getBankAccount (/var/www/html/app/percasi-app/backend-node/src/controllers/financeController.js:650:50)\n    at process.processTicksAndRejections (node:internal/process/task_queues:95:5)"}
[ERROR] [2026-01-01T19:09:57.123Z]: [Get Bank Account Error]: {"userId":124,"error":"accounts?.some is not a function","stack":"TypeError: accounts?.some is not a function\n    at getBankAccount (/var/www/html/app/percasi-app/backend-node/src/controllers/financeController.js:650:50)\n    at process.processTicksAndRejections (node:internal/process/task_queues:95:5)"}
[ERROR] [2026-01-01T19:10:01.173Z]: [Get Bank Account Error]: {"userId":124,"error":"accounts?.some is not a function","stack":"TypeError: accounts?.some is not a function\n    at getBankAccount (/var/www/html/app/percasi-app/backend-node/src/controllers/financeController.js:650:50)\n    at process.processTicksAndRejections (node:internal/process/task_queues:95:5)"}
[ERROR] [2026-01-01T19:10:08.650Z]: [Get Bank Account Error]: {"userId":124,"error":"accounts?.some is not a function","stack":"TypeError: accounts?.some is not a function\n    at getBankAccount (/var/www/html/app/percasi-app/backend-node/src/controllers/financeController.js:650:50)\n    at process.processTicksAndRejections (node:internal/process/task_queues:95:5)"}
[ERROR] [2026-01-01T19:10:09.698Z]: [Get Bank Account Error]: {"userId":124,"error":"accounts?.some is not a function","stack":"TypeError: accounts?.some is not a function\n    at getBankAccount (/var/www/html/app/percasi-app/backend-node/src/controllers/financeController.js:650:50)\n    at process.processTicksAndRejections (node:internal/process/task_queues:95:5)"}
[ERROR] [2026-01-01T19:10:11.754Z]: [Get Bank Account Error]: {"userId":124,"error":"accounts?.some is not a function","stack":"TypeError: accounts?.some is not a function\n    at getBankAccount (/var/www/html/app/percasi-app/backend-node/src/controllers/financeController.js:650:50)\n    at process.processTicksAndRejections (node:internal/process/task_queues:95:5)"}
[ERROR] [2026-01-01T19:10:15.806Z]: [Get Bank Account Error]: {"userId":124,"error":"accounts?.some is not a function","stack":"TypeError: accounts?.some is not a function\n    at getBankAccount (/var/www/html/app/percasi-app/backend-node/src/controllers/financeController.js:650:50)\n    at process.processTicksAndRejections (node:internal/process/task_queues:95:5)"}
[ERROR] [2026-01-01T19:15:09.684Z]: --- [AUTH-VERIFY] ❌ CRITICAL ERROR: {}
[ERROR] [2026-01-01T19:15:10.760Z]: --- [AUTH-VERIFY] ❌ CRITICAL ERROR: {}
[ERROR] [2026-01-01T19:15:12.813Z]: --- [AUTH-VERIFY] ❌ CRITICAL ERROR: {}
[ERROR] [2026-01-01T19:15:16.866Z]: --- [AUTH-VERIFY] ❌ CRITICAL ERROR: {}
[ERROR] [2026-01-01T19:33:34.061Z]: [AUTH MIDDLEWARE] Error: {"message":"Unknown column 'wallets.tatus' in 'field list'","code":"ER_BAD_FIELD_ERROR","errno":1054,"sql":"\n            SELECT \n                id, username, email, full_name,is_phone_verified,is_email_verified, open_match,user_status, avatar_url, \n                kyc_status, kyc_rejection_reason, active_token,is_wallet_pinset,\n                country_id, province_id, regency_id, district_id, bio_login_active,subdistrict_id, postal_code, \n                phone_number, address_line, bio_login_active,is_2fa_active,is_single_login, wallets.balance,wallets.tatus\n                 \n            FROM users INNER JOIN wallets ON  wallets.user_id = users.id WHERE id = ?\n        ","sqlState":"42S22","sqlMessage":"Unknown column 'wallets.tatus' in 'field list'"}
[ERROR] [2026-01-01T19:33:34.088Z]: [AUTH MIDDLEWARE] Error: {"message":"Unknown column 'wallets.tatus' in 'field list'","code":"ER_BAD_FIELD_ERROR","errno":1054,"sql":"\n            SELECT \n                id, username, email, full_name,is_phone_verified,is_email_verified, open_match,user_status, avatar_url, \n                kyc_status, kyc_rejection_reason, active_token,is_wallet_pinset,\n                country_id, province_id, regency_id, district_id, bio_login_active,subdistrict_id, postal_code, \n                phone_number, address_line, bio_login_active,is_2fa_active,is_single_login, wallets.balance,wallets.tatus\n                 \n            FROM users INNER JOIN wallets ON  wallets.user_id = users.id WHERE id = ?\n        ","sqlState":"42S22","sqlMessage":"Unknown column 'wallets.tatus' in 'field list'"}
[ERROR] [2026-01-01T19:33:35.185Z]: [AUTH MIDDLEWARE] Error: {"message":"Unknown column 'wallets.tatus' in 'field list'","code":"ER_BAD_FIELD_ERROR","errno":1054,"sql":"\n            SELECT \n                id, username, email, full_name,is_phone_verified,is_email_verified, open_match,user_status, avatar_url, \n                kyc_status, kyc_rejection_reason, active_token,is_wallet_pinset,\n                country_id, province_id, regency_id, district_id, bio_login_active,subdistrict_id, postal_code, \n                phone_number, address_line, bio_login_active,is_2fa_active,is_single_login, wallets.balance,wallets.tatus\n                 \n            FROM users INNER JOIN wallets ON  wallets.user_id = users.id WHERE id = ?\n        ","sqlState":"42S22","sqlMessage":"Unknown column 'wallets.tatus' in 'field list'"}
[ERROR] [2026-01-01T19:33:35.189Z]: [AUTH MIDDLEWARE] Error: {"message":"Unknown column 'wallets.tatus' in 'field list'","code":"ER_BAD_FIELD_ERROR","errno":1054,"sql":"\n            SELECT \n                id, username, email, full_name,is_phone_verified,is_email_verified, open_match,user_status, avatar_url, \n                kyc_status, kyc_rejection_reason, active_token,is_wallet_pinset,\n                country_id, province_id, regency_id, district_id, bio_login_active,subdistrict_id, postal_code, \n                phone_number, address_line, bio_login_active,is_2fa_active,is_single_login, wallets.balance,wallets.tatus\n                 \n            FROM users INNER JOIN wallets ON  wallets.user_id = users.id WHERE id = ?\n        ","sqlState":"42S22","sqlMessage":"Unknown column 'wallets.tatus' in 'field list'"}
[ERROR] [2026-01-01T19:33:37.236Z]: [AUTH MIDDLEWARE] Error: {"message":"Unknown column 'wallets.tatus' in 'field list'","code":"ER_BAD_FIELD_ERROR","errno":1054,"sql":"\n            SELECT \n                id, username, email, full_name,is_phone_verified,is_email_verified, open_match,user_status, avatar_url, \n                kyc_status, kyc_rejection_reason, active_token,is_wallet_pinset,\n                country_id, province_id, regency_id, district_id, bio_login_active,subdistrict_id, postal_code, \n                phone_number, address_line, bio_login_active,is_2fa_active,is_single_login, wallets.balance,wallets.tatus\n                 \n            FROM users INNER JOIN wallets ON  wallets.user_id = users.id WHERE id = ?\n        ","sqlState":"42S22","sqlMessage":"Unknown column 'wallets.tatus' in 'field list'"}
[ERROR] [2026-01-01T19:33:37.259Z]: [AUTH MIDDLEWARE] Error: {"message":"Unknown column 'wallets.tatus' in 'field list'","code":"ER_BAD_FIELD_ERROR","errno":1054,"sql":"\n            SELECT \n                id, username, email, full_name,is_phone_verified,is_email_verified, open_match,user_status, avatar_url, \n                kyc_status, kyc_rejection_reason, active_token,is_wallet_pinset,\n                country_id, province_id, regency_id, district_id, bio_login_active,subdistrict_id, postal_code, \n                phone_number, address_line, bio_login_active,is_2fa_active,is_single_login, wallets.balance,wallets.tatus\n                 \n            FROM users INNER JOIN wallets ON  wallets.user_id = users.id WHERE id = ?\n        ","sqlState":"42S22","sqlMessage":"Unknown column 'wallets.tatus' in 'field list'"}
[ERROR] [2026-01-01T19:33:41.282Z]: [AUTH MIDDLEWARE] Error: {"message":"Unknown column 'wallets.tatus' in 'field list'","code":"ER_BAD_FIELD_ERROR","errno":1054,"sql":"\n            SELECT \n                id, username, email, full_name,is_phone_verified,is_email_verified, open_match,user_status, avatar_url, \n                kyc_status, kyc_rejection_reason, active_token,is_wallet_pinset,\n                country_id, province_id, regency_id, district_id, bio_login_active,subdistrict_id, postal_code, \n                phone_number, address_line, bio_login_active,is_2fa_active,is_single_login, wallets.balance,wallets.tatus\n                 \n            FROM users INNER JOIN wallets ON  wallets.user_id = users.id WHERE id = ?\n        ","sqlState":"42S22","sqlMessage":"Unknown column 'wallets.tatus' in 'field list'"}
[ERROR] [2026-01-01T19:33:41.329Z]: [AUTH MIDDLEWARE] Error: {"message":"Unknown column 'wallets.tatus' in 'field list'","code":"ER_BAD_FIELD_ERROR","errno":1054,"sql":"\n            SELECT \n                id, username, email, full_name,is_phone_verified,is_email_verified, open_match,user_status, avatar_url, \n                kyc_status, kyc_rejection_reason, active_token,is_wallet_pinset,\n                country_id, province_id, regency_id, district_id, bio_login_active,subdistrict_id, postal_code, \n                phone_number, address_line, bio_login_active,is_2fa_active,is_single_login, wallets.balance,wallets.tatus\n                 \n            FROM users INNER JOIN wallets ON  wallets.user_id = users.id WHERE id = ?\n        ","sqlState":"42S22","sqlMessage":"Unknown column 'wallets.tatus' in 'field list'"}
[ERROR] [2026-01-01T19:33:51.215Z]: [AUTH MIDDLEWARE] Error: {"message":"Unknown column 'wallets.tatus' in 'field list'","code":"ER_BAD_FIELD_ERROR","errno":1054,"sql":"\n            SELECT \n                id, username, email, full_name,is_phone_verified,is_email_verified, open_match,user_status, avatar_url, \n                kyc_status, kyc_rejection_reason, active_token,is_wallet_pinset,\n                country_id, province_id, regency_id, district_id, bio_login_active,subdistrict_id, postal_code, \n                phone_number, address_line, bio_login_active,is_2fa_active,is_single_login, wallets.balance,wallets.tatus\n                 \n            FROM users INNER JOIN wallets ON  wallets.user_id = users.id WHERE id = ?\n        ","sqlState":"42S22","sqlMessage":"Unknown column 'wallets.tatus' in 'field list'"}
[ERROR] [2026-01-01T19:33:51.286Z]: [AUTH MIDDLEWARE] Error: {"message":"Unknown column 'wallets.tatus' in 'field list'","code":"ER_BAD_FIELD_ERROR","errno":1054,"sql":"\n            SELECT \n                id, username, email, full_name,is_phone_verified,is_email_verified, open_match,user_status, avatar_url, \n                kyc_status, kyc_rejection_reason, active_token,is_wallet_pinset,\n                country_id, province_id, regency_id, district_id, bio_login_active,subdistrict_id, postal_code, \n                phone_number, address_line, bio_login_active,is_2fa_active,is_single_login, wallets.balance,wallets.tatus\n                 \n            FROM users INNER JOIN wallets ON  wallets.user_id = users.id WHERE id = ?\n        ","sqlState":"42S22","sqlMessage":"Unknown column 'wallets.tatus' in 'field list'"}
[ERROR] [2026-01-01T19:33:52.323Z]: [AUTH MIDDLEWARE] Error: {"message":"Unknown column 'wallets.tatus' in 'field list'","code":"ER_BAD_FIELD_ERROR","errno":1054,"sql":"\n            SELECT \n                id, username, email, full_name,is_phone_verified,is_email_verified, open_match,user_status, avatar_url, \n                kyc_status, kyc_rejection_reason, active_token,is_wallet_pinset,\n                country_id, province_id, regency_id, district_id, bio_login_active,subdistrict_id, postal_code, \n                phone_number, address_line, bio_login_active,is_2fa_active,is_single_login, wallets.balance,wallets.tatus\n                 \n            FROM users INNER JOIN wallets ON  wallets.user_id = users.id WHERE id = ?\n        ","sqlState":"42S22","sqlMessage":"Unknown column 'wallets.tatus' in 'field list'"}
[ERROR] [2026-01-01T19:33:52.390Z]: [AUTH MIDDLEWARE] Error: {"message":"Unknown column 'wallets.tatus' in 'field list'","code":"ER_BAD_FIELD_ERROR","errno":1054,"sql":"\n            SELECT \n                id, username, email, full_name,is_phone_verified,is_email_verified, open_match,user_status, avatar_url, \n                kyc_status, kyc_rejection_reason, active_token,is_wallet_pinset,\n                country_id, province_id, regency_id, district_id, bio_login_active,subdistrict_id, postal_code, \n                phone_number, address_line, bio_login_active,is_2fa_active,is_single_login, wallets.balance,wallets.tatus\n                 \n            FROM users INNER JOIN wallets ON  wallets.user_id = users.id WHERE id = ?\n        ","sqlState":"42S22","sqlMessage":"Unknown column 'wallets.tatus' in 'field list'"}
[ERROR] [2026-01-01T19:33:54.402Z]: [AUTH MIDDLEWARE] Error: {"message":"Unknown column 'wallets.tatus' in 'field list'","code":"ER_BAD_FIELD_ERROR","errno":1054,"sql":"\n            SELECT \n                id, username, email, full_name,is_phone_verified,is_email_verified, open_match,user_status, avatar_url, \n                kyc_status, kyc_rejection_reason, active_token,is_wallet_pinset,\n                country_id, province_id, regency_id, district_id, bio_login_active,subdistrict_id, postal_code, \n                phone_number, address_line, bio_login_active,is_2fa_active,is_single_login, wallets.balance,wallets.tatus\n                 \n            FROM users INNER JOIN wallets ON  wallets.user_id = users.id WHERE id = ?\n        ","sqlState":"42S22","sqlMessage":"Unknown column 'wallets.tatus' in 'field list'"}
[ERROR] [2026-01-01T19:33:54.455Z]: [AUTH MIDDLEWARE] Error: {"message":"Unknown column 'wallets.tatus' in 'field list'","code":"ER_BAD_FIELD_ERROR","errno":1054,"sql":"\n            SELECT \n                id, username, email, full_name,is_phone_verified,is_email_verified, open_match,user_status, avatar_url, \n                kyc_status, kyc_rejection_reason, active_token,is_wallet_pinset,\n                country_id, province_id, regency_id, district_id, bio_login_active,subdistrict_id, postal_code, \n                phone_number, address_line, bio_login_active,is_2fa_active,is_single_login, wallets.balance,wallets.tatus\n                 \n            FROM users INNER JOIN wallets ON  wallets.user_id = users.id WHERE id = ?\n        ","sqlState":"42S22","sqlMessage":"Unknown column 'wallets.tatus' in 'field list'"}
[ERROR] [2026-01-01T19:33:58.465Z]: [AUTH MIDDLEWARE] Error: {"message":"Unknown column 'wallets.tatus' in 'field list'","code":"ER_BAD_FIELD_ERROR","errno":1054,"sql":"\n            SELECT \n                id, username, email, full_name,is_phone_verified,is_email_verified, open_match,user_status, avatar_url, \n                kyc_status, kyc_rejection_reason, active_token,is_wallet_pinset,\n                country_id, province_id, regency_id, district_id, bio_login_active,subdistrict_id, postal_code, \n                phone_number, address_line, bio_login_active,is_2fa_active,is_single_login, wallets.balance,wallets.tatus\n                 \n            FROM users INNER JOIN wallets ON  wallets.user_id = users.id WHERE id = ?\n        ","sqlState":"42S22","sqlMessage":"Unknown column 'wallets.tatus' in 'field list'"}
[ERROR] [2026-01-01T19:33:58.535Z]: [AUTH MIDDLEWARE] Error: {"message":"Unknown column 'wallets.tatus' in 'field list'","code":"ER_BAD_FIELD_ERROR","errno":1054,"sql":"\n            SELECT \n                id, username, email, full_name,is_phone_verified,is_email_verified, open_match,user_status, avatar_url, \n                kyc_status, kyc_rejection_reason, active_token,is_wallet_pinset,\n                country_id, province_id, regency_id, district_id, bio_login_active,subdistrict_id, postal_code, \n                phone_number, address_line, bio_login_active,is_2fa_active,is_single_login, wallets.balance,wallets.tatus\n                 \n            FROM users INNER JOIN wallets ON  wallets.user_id = users.id WHERE id = ?\n        ","sqlState":"42S22","sqlMessage":"Unknown column 'wallets.tatus' in 'field list'"}
[ERROR] [2026-01-02T05:56:41.624Z]: [CRITICAL] Integrity Violation: Transaction ID 48
[ERROR] [2026-01-02T06:16:06.914Z]: [CRITICAL] Integrity Violation: Transaction ID 48
[ERROR] [2026-01-02T06:42:10.629Z]: [CRITICAL] Integrity Violation: Transaction ID 48
[ERROR] [2026-01-02T06:42:16.687Z]: [CRITICAL] Integrity Violation: Transaction ID 48
[ERROR] [2026-01-02T06:42:24.484Z]: [CRITICAL] Integrity Violation: Transaction ID 48
[ERROR] [2026-01-02T06:42:30.930Z]: [CRITICAL] Integrity Violation: Transaction ID 48
[ERROR] [2026-01-02T06:55:21.902Z]: [PAYMENT WARNING] Gagal init VA BCA User 125: User ID 125 tidak ditemukan
[ERROR] [2026-01-02T06:55:21.906Z]: [PAYMENT WARNING] Gagal init VA BNI User 125: User ID 125 tidak ditemukan
[ERROR] [2026-01-02T06:55:21.907Z]: [PAYMENT WARNING] Gagal init VA MANDIRI User 125: User ID 125 tidak ditemukan
[ERROR] [2026-01-02T06:55:21.910Z]: [PAYMENT WARNING] Gagal init VA BRI User 125: User ID 125 tidak ditemukan
[ERROR] [2026-01-02T06:55:21.920Z]: [PAYMENT WARNING] Gagal init VA BSI User 125: User ID 125 tidak ditemukan
[ERROR] [2026-01-02T06:55:21.930Z]: [PAYMENT WARNING] Gagal init VA PERMATA User 125: User ID 125 tidak ditemukan
[ERROR] [2026-01-02T06:55:22.009Z]: [PAYMENT WARNING] Gagal init VA CIMB User 125: User ID 125 tidak ditemukan
[ERROR] [2026-01-02T06:55:22.416Z]: [XENDIT QR ERROR] {"error_code":"DUPLICATE_ERROR","message":"ID_XENDIT only allows 1 static QR code for each merchant","existing":"qr_c347ec3e-2013-4611-a217-41f4b8ab8a73"}
[ERROR] [2026-01-02T12:32:20.024Z]: [ALARM] ❌ WALLET TAMPERED | User ID: 124
[ERROR] [2026-01-02T12:32:20.055Z]: [DETAIL] Expected: 898e62ad3027fddf802e815955b264b0ea41ba29d828db623d2b5ade07ba550c | Found: e6602e80111e1534c80387124c73017f06a3c7423e3fb2751d3a1aa1c16af152
